step        i_imp    causality    static_f0         w_sp_min    w_sp_max    mu               std_sig                n_imp         histo_1             histo_2             ctqmc_sign
----------  -------  -----------  ----------------  ----------  ----------  ---------------  ---------------------  ------------  ------------------  ------------------  ------------
wannier                                             2.54986551  4.41099442
coulomb_1                         2.17832524997819
dc_1                 good
delta       1        good                                                   -0.008785049927
impurity_1  1        good                                                                    0.23689383459269506    0.5762976211  147.840676070982    190.23546027330545  1
delta       2        good                                                   -0.004042843562
impurity_1  2        good                                                                    0.1195911428802156     0.5768977716  147.39530752927365  204.6504173974296   1
delta       3        good                                                   -0.000723569558
impurity_1  3        good                                                                    0.05810399380982009    0.5783465809  147.33189177406132  196.03192884326876  1
delta       4        good                                                   0.001680516172
impurity_1  4        good                                                                    0.02789843147492528    0.5787175377  147.47031562221338  211.89371971359174  1
delta       5        good                                                   0.002286476502
impurity_1  5        good                                                                    0.01785987455053693    0.5772488461  146.7023072990959   202.93881395335055  1
delta       6        good                                                   0.001663774705
impurity_1  6        good                                                                    0.00783505874308103    0.5770420431  146.83763863214574  197.51251031362526  1
delta       7        good                                                   0.001423445713
impurity_1  7        good                                                                    0.0032656667976244972  0.5785036053  147.2290889060384   193.92393683235522  1
delta       8        good                                                   0.002375460629
impurity_1  8        good                                                                    0.003478795996031468   0.5785124954  146.9327219981131   197.61428082777195  1
delta       9        good                                                   0.002680908313
impurity_1  9        good                                                                    0.0019506144337035835  0.5791726051  147.15867419608264  189.3672701460942   1
delta       10       good                                                   0.001884783799
impurity_1  10       good                                                                    0.002921425973255604   0.5798279946  147.50338944540778  200.6134440798544   1
delta       11       good                                                   0.001913559544
impurity_1  11       good                                                                    0.0018366996775329972  0.5778869676  147.05129307560009  203.00115351278743  1