step          i_outer  i_latt    i_imp    causality    delta_rho     w_sp_min    w_sp_max    mu               std_sig                n_imp         histo_1             histo_2             ctqmc_sign
----------  ---------  --------  -------  -----------  ------------  ----------  ----------  ---------------  ---------------------  ------------  ------------------  ------------------  ------------
wannier             1                                                2.83903403  3.16936125
delta               1            1        good                                               -0.01645111621
impurity_1          1            1        good                                                                0.32635444719831463    0.7453301851  165.20786445892114  167.94632639486187  1
dft                 2  1                               0.003981117
wannier             2                                                2.83903413  3.16935564
delta               2            1        good                                               -0.157048587494
impurity_1          2            1        good                                                                0.20118722456537202    0.7152362616  159.4363906949742   166.62052643305128  1
dft                 3  1                               0.002464323
wannier             3                                                2.84203035  3.16923542
delta               3            1        good                                               -0.252597980239
impurity_1          3            1        good                                                                0.12672167809183085    0.6945175952  155.78643805195514  169.74120450338341  1
dft                 4  1                               0.001383939
wannier             4                                                2.8452773   3.17114223
delta               4            1        good                                               -0.315051432465
impurity_1          4            1        good                                                                0.08233969914528644    0.6795037856  153.3654763604729   174.4262070125206   1
dft                 5  1                               0.0006953411
wannier             5                                                2.84783099  3.17260856
delta               5            1        good                                               -0.357388581852
impurity_1          5            1        good                                                                0.054159956089663      0.6692461698  151.755851877398    173.0148516997133   1
dft                 6  1                               0.0003615875
wannier             6                                                2.8497289   3.1736599
delta               6            1        good                                               -0.385877295825
impurity_1          6            1        good                                                                0.03242384752046402    0.6649994236  151.20689207632643  162.63481178739207  1
dft                 7  1                               0.000142907
wannier             7                                                2.85217884  3.1749553
delta               7            1        good                                               -0.402990776732
impurity_1          7            1        good                                                                0.025009041916599025   0.6579610734  149.95671871647664  176.96135821599896  1
dft                 8  1                               0.0001172471
wannier             8                                                2.8529477   3.17534557
delta               8            1        good                                               -0.416627047833
impurity_1          8            1        good                                                                0.017403266516681542   0.6543995049  149.2887142343475   180.526407623078    1
dft                 9  1                               9.270737e-05
wannier             9                                                2.85360993  3.17566506
delta               9            1        good                                               -0.426831394583
impurity_1          9            1        good                                                                0.009636647041179534   0.6534090763  149.39078228750432  176.35186189716924  1
dft                10  1                               7.784196e-05
wannier            10                                                2.85409173  3.17588885
delta              10            1        good                                               -0.43158228291
impurity_1         10            1        good                                                                0.005222641122194413   0.6533175588  149.38469703331384  171.9517524943628   1
dft                11  1                               6.589152e-05
wannier            11                                                2.85446736  3.17606169
delta              11            1        good                                               -0.434287488163
impurity_1         11            1        good                                                                0.0030986488155426376  0.6528754816  149.44016343986306  172.36765008753696  1
dft                12  1                               5.592722e-05
wannier            12                                                2.85475737  3.17617635
delta              12            1        good                                               -0.436371152606