nelectron in one cell    0.402778    0.000000    0.500000
 temperature   299.999999999593     
 cal_g run
hmat and rhomat from , bare projector, fine grid
rhomat, iatom      1  icell      1
    0.298748   -0.000000
hmat, iatom      1  icell      1
    4.970901    0.000000
hmat and rhomat from , renormalized projector, fine grid
rhomat, iatom      1  icell      1
    0.298748   -0.000000
hmat, iatom      1  icell      1
    4.970901    0.000000
 overlap_mat of new projector and old projector, fine_grid
    1.000000   -0.000000
 search fermi energy
 ef -0.436371152606061      -5.075086277339658E-007 -9.552045857217450E-002
 overlap_mat of new projector and old projector, coarse_grid
    1.000000   -0.000000
 num_band information
bands in the window    9    9    9    9    9    9    9    9    9    9    9    9    9    9    9    9    9    9    9    9    9    9    9    9    9    9    9    9    9    9    9    9    9    9    9    9    9    9    9    9    9    9    9    9    9    9    9    9    9    9    9    9    9    9    9    9    9    9    9    9    9    9    9    9    9    9    9    9    9    9    9    9    9    9    9    9    9    9    9    9    9    9    9    9    9    9    9    9    9    9    9    9    9    9    9    9    9    9    9    9    9    9    9    9    9    9    9    9    9    9    9    9    9    9    9    9    9    9    9    9    9    9    9    9    9    9    9    9    9    9    9    9    9    9    9    9    9    9    9    9    9    9    9    9    9    9    9    9    9    9    9    9    9    9    9    9    9    9    9    9    9    9    9    9    9    9    9    9    9    9    9    9    9    9    9    9    9    9    9    9    9    9    9    9    9    9    9    9    9    9    9    9    9    9    9    9    9    9    9    9    9    9    9    9    9    9    9    9    9    9    9    9    9    9    9    9    9
    1    1    1    5   -3.267817   -3.267817
    2    2    7   11   13.410028   13.410028
    3    3    8   12   13.410028   13.410028
    4    4    9   13   13.410028   13.410028
    5    5    4    8   15.655973   11.559782
    6    6    2    6   15.655973   11.559782
    7    7    3    7   15.655973   11.559782
    8    8    6   10   16.530448   12.652042
    9    9    5    9   16.530448   12.652042
    1    1    1    5   -2.785242   -2.785242
    2    2    2    6    8.822570    7.996683
    3    3    4    8   11.023000   10.371887
    4    4    5    9   12.141055   10.930873
    5    5    3    7   14.191989    9.994633
    6    6    6   10   15.485033   11.678556
    7    7    7   11   18.286452   13.642226
    8    8    8   12   18.297294   13.879381
    9    9    9   13   19.915930   15.400238
    1    1    1    5   -1.361747   -1.361747
    2    2    2    6    4.093069    4.093069
    3    3    4    8    9.518498    9.317698
    4    4    5    9   10.826952    9.673838
    5    5    3    7   11.929458    8.607190
    6    6    6   10   14.203687   10.637027
    7    7    7   11   19.092655   14.903355
    8    8    8   12   22.382617   15.099901
    9    9    9   13   25.264799   18.804262
    1    1    1    5    0.756454    0.756454
    2    2    2    6    1.155939    1.155939
    3    3    4    8    9.039869    9.033127
    4    4    5    9   10.403398    9.273745
    5    5    3    7   11.316934    8.138112
    6    6    6   10   13.742351   10.242330
    7    7    7   11   20.874485   16.094982
    8    8    8   12   24.140252   17.361651
    9    9   11   15   37.260906   37.260906
    1    1    1    5   -1.831871   -1.831871
    2    2    2    6    5.978851    5.978851
    3    3    3    7    6.625502    6.625502
    4    4    4    8   10.114910    9.129875
    5    5    5    9   15.596705   11.356624
    6    6    6   10   15.816011   12.170305
    7    7    7   11   18.838942   14.393508
    8    8    8   12   20.559082   14.626112
    9    9   10   14   25.489576   17.366174
    1    1    1    5    0.021458    0.021458
    2    2    2    6    2.755613    2.755613
    3    3    3    7    5.486669    5.486669
    4    4    4    8    9.298287    8.287798
    5    5    5    9   14.787413   10.871935
    6    6    6   10   16.767130   13.152611
    7    7    7   11   19.105808   14.067195
    8    8    8   12   23.557592   16.372018
    9    9   13   17   30.673990   38.582529
    1    1    1    5    2.043301    2.043301
    2    2    2    6    2.043301    2.043301
    3    3    3    7    2.915091    2.915091
    4    4    4    8    8.937213    7.871450
    5    5    5    9   18.033171   12.722311
    6    6    6   10   18.033171   12.722311
    7    7    7   11   18.433147   13.858704
    8    8   13   17   29.770128   40.473880
    9    9   14   18   29.770128   40.473880
    1    1    1    5   -0.436053   -0.436053
    2    2    2    6    4.645202    4.645202
    3    3    3    7    4.645202    4.645202
    4    4    4    8    5.968509    5.968509
    5    5    7   11   18.711537   15.452803
    6    6    8   12   18.711537   15.452803
    7    7    5    9   20.763037   14.913921
    8    8    6   10   20.763037   14.913921
    9    9   14   18   28.956781   39.926508
    1    1    1    5    1.609218    1.609218
    2    2    2    6    2.032187    2.032187
    3    3    3    7    4.208571    4.208571
    4    4    4    8    5.197110    5.197110
    5    5    6   10   19.079303   15.166972
    6    6    7   11   20.016290   16.750129
    7    7    5    9   21.128649   15.011714
    8    8    8   12   25.212568   17.885918
    9    9   11   15   29.209537   20.594888
    1    1    1    5   -2.306985   -2.306985
    2    2    2    6    8.614592    8.106158
    3    3    3    7    8.614592    8.106158
    4    4    5    9   10.447154   10.004156
    5    5    4    8   11.518947    8.293534
    6    6    6   10   18.265633   12.460987
    7    7    9   13   18.388967   14.946319
    8    8    7   11   19.664177   14.253501
    9    9    8   12   19.664177   14.253501
    1    1    1    5   -0.895141   -0.895141
    2    2    2    6    4.512387    4.512387
    3    3    3    7    6.859815    6.859815
    4    4    4    8    9.153060    7.723882
    5    5    5    9   11.983696   10.204403
    6    6    6   10   17.778718   11.918734
    7    7    7   11   18.131712   13.314367
    8    8    8   12   23.426560   15.517420
    9    9    9   13   28.031898   17.291139
    1    1    1    5    1.185710    1.185710
    2    2    2    6    1.632195    1.632195
    3    3    3    7    6.455914    6.455914
    4    4    4    8    8.568852    7.321820
    5    5    7   11   13.418989   12.151334
    6    6    5    9   17.031202   11.590661
    7    7    6   10   17.126812   11.827185
    8    8    8   12   26.724649   14.109858
    9    9    9   13   37.260906   37.260906
    1    1    1    5    0.924004    0.924004
    2    2    2    6    3.351188    3.351188
    3    3    3    7    4.072091    4.072091
    4    4    5    9   10.568973    9.574300
    5    5    4    8   11.032538    8.671388
    6    6    6   10   14.796765   11.502753
    7    7    7   11   19.315822   12.295886
    8    8    8   12   27.436873   16.920724
    9    9   10   14   33.050229   38.239499
    1    1    1    5    0.480242    0.480242
    2    2    2    6    5.464771    5.464771
    3    3    3    7    5.641803    5.641803
    4    4    4    8    5.641803    5.641803
    5    5    5    9    7.956365    7.269067
    6    6    6   10   14.028249   11.539951
    7    7    7   11   24.815961   15.177153
    8    8    9   13   26.603924   16.497768
    9    9    8   12   26.603924   16.497768
    1    1    1    5    2.479113    2.479113
    2    2    2    6    2.960420    2.960420
    3    3    3    7    5.218481    5.218481
    4    4    4    8    5.774965    5.774965
    5    5    5    9    9.284325    7.764907
    6    6    6   10    9.668501    9.279461
    7    7    7   11   24.533515   15.209461
    8    8    8   12   26.654230   16.847194
    9    9    9   13   29.395787   19.633025
    1    1    1    5    4.514606    4.514606
    2    2    2    6    4.514606    4.514606
    3    3    3    7    4.811180    4.811180
    4    4    4    8    4.811180    4.811180
    5    5    5    9    4.811180    4.811180
    6    6    6   10    7.496631    7.419073
    7    7    9   13   27.376584   19.188298
    8    8    7   11   27.376584   19.188298
    9    9    8   12   27.376584   19.188298
    1    1    1    5   -2.785242   -2.785242
    2    2    2    6    8.822570    7.996683
    3    3    4    8   11.023000   10.371887
    4    4    5    9   12.141055   10.930873
    5    5    3    7   14.191989    9.994633
    6    6    6   10   15.485033   11.678556
    7    7    7   11   18.286452   13.642226
    8    8    8   12   18.297294   13.879381
    9    9    9   13   19.915930   15.400238
    1    1    1    5   -2.785242   -2.785242
    2    2    2    6    8.822570    7.996683
    3    3    4    8   11.023000   10.371887
    4    4    5    9   12.141055   10.930873
    5    5    3    7   14.191989    9.994633
    6    6    6   10   15.485033   11.678556
    7    7    7   11   18.286452   13.642226
    8    8    8   12   18.297294   13.879381
    9    9    9   13   19.915930   15.400238
    1    1    1    5   -2.785242   -2.785242
    2    2    2    6    8.822570    7.996683
    3    3    4    8   11.023000   10.371887
    4    4    5    9   12.141055   10.930873
    5    5    3    7   14.191989    9.994633
    6    6    6   10   15.485033   11.678556
    7    7    7   11   18.286452   13.642226
    8    8    8   12   18.297294   13.879381
    9    9    9   13   19.915930   15.400238
    1    1    1    5   -2.785242   -2.785242
    2    2    2    6    8.822570    7.996683
    3    3    4    8   11.023000   10.371887
    4    4    5    9   12.141055   10.930873
    5    5    3    7   14.191989    9.994633
    6    6    6   10   15.485033   11.678556
    7    7    7   11   18.286452   13.642226
    8    8    8   12   18.297294   13.879381
    9    9    9   13   19.915930   15.400238
    1    1    1    5   -2.785242   -2.785242
    2    2    2    6    8.822570    7.996683
    3    3    4    8   11.023000   10.371887
    4    4    5    9   12.141055   10.930873
    5    5    3    7   14.191989    9.994633
    6    6    6   10   15.485033   11.678556
    7    7    7   11   18.286452   13.642226
    8    8    8   12   18.297294   13.879381
    9    9    9   13   19.915930   15.400238
    1    1    1    5   -2.785242   -2.785242
    2    2    2    6    8.822570    7.996683
    3    3    4    8   11.023000   10.371887
    4    4    5    9   12.141055   10.930873
    5    5    3    7   14.191989    9.994633
    6    6    6   10   15.485033   11.678556
    7    7    7   11   18.286452   13.642226
    8    8    8   12   18.297294   13.879381
    9    9    9   13   19.915930   15.400238
    1    1    1    5   -2.785242   -2.785242
    2    2    2    6    8.822570    7.996683
    3    3    4    8   11.023000   10.371887
    4    4    5    9   12.141055   10.930873
    5    5    3    7   14.191989    9.994633
    6    6    6   10   15.485033   11.678556
    7    7    7   11   18.286452   13.642226
    8    8    8   12   18.297294   13.879381
    9    9    9   13   19.915930   15.400238
    1    1    1    5   -2.785242   -2.785242
    2    2    2    6    8.822570    7.996683
    3    3    4    8   11.023000   10.371887
    4    4    5    9   12.141055   10.930873
    5    5    3    7   14.191989    9.994633
    6    6    6   10   15.485033   11.678556
    7    7    7   11   18.286452   13.642226
    8    8    8   12   18.297294   13.879381
    9    9    9   13   19.915930   15.400238
    1    1    1    5   -2.785242   -2.785242
    2    2    2    6    8.822570    7.996683
    3    3    4    8   11.023000   10.371887
    4    4    5    9   12.141055   10.930873
    5    5    3    7   14.191989    9.994633
    6    6    6   10   15.485033   11.678556
    7    7    7   11   18.286452   13.642226
    8    8    8   12   18.297294   13.879381
    9    9    9   13   19.915930   15.400238
    1    1    1    5   -2.785242   -2.785242
    2    2    2    6    8.822570    7.996683
    3    3    4    8   11.023000   10.371887
    4    4    5    9   12.141055   10.930873
    5    5    3    7   14.191989    9.994633
    6    6    6   10   15.485033   11.678556
    7    7    7   11   18.286452   13.642226
    8    8    8   12   18.297294   13.879381
    9    9    9   13   19.915930   15.400238
    1    1    1    5   -2.785242   -2.785242
    2    2    2    6    8.822570    7.996683
    3    3    4    8   11.023000   10.371887
    4    4    5    9   12.141055   10.930873
    5    5    3    7   14.191989    9.994633
    6    6    6   10   15.485033   11.678556
    7    7    7   11   18.286452   13.642226
    8    8    8   12   18.297294   13.879381
    9    9    9   13   19.915930   15.400238
    1    1    1    5   -1.361747   -1.361747
    2    2    2    6    4.093069    4.093069
    3    3    4    8    9.518498    9.317698
    4    4    5    9   10.826952    9.673838
    5    5    3    7   11.929458    8.607190
    6    6    6   10   14.203687   10.637027
    7    7    7   11   19.092655   14.903355
    8    8    8   12   22.382617   15.099901
    9    9    9   13   25.264799   18.804262
    1    1    1    5   -1.361747   -1.361747
    2    2    2    6    4.093069    4.093069
    3    3    4    8    9.518498    9.317698
    4    4    5    9   10.826952    9.673838
    5    5    3    7   11.929458    8.607190
    6    6    6   10   14.203687   10.637027
    7    7    7   11   19.092655   14.903355
    8    8    8   12   22.382617   15.099901
    9    9    9   13   25.264799   18.804262
    1    1    1    5   -1.361747   -1.361747
    2    2    2    6    4.093069    4.093069
    3    3    4    8    9.518498    9.317698
    4    4    5    9   10.826952    9.673838
    5    5    3    7   11.929458    8.607190
    6    6    6   10   14.203687   10.637027
    7    7    7   11   19.092655   14.903355
    8    8    8   12   22.382617   15.099901
    9    9    9   13   25.264799   18.804262
    1    1    1    5   -1.361747   -1.361747
    2    2    2    6    4.093069    4.093069
    3    3    4    8    9.518498    9.317698
    4    4    5    9   10.826952    9.673838
    5    5    3    7   11.929458    8.607190
    6    6    6   10   14.203687   10.637027
    7    7    7   11   19.092655   14.903355
    8    8    8   12   22.382617   15.099901
    9    9    9   13   25.264799   18.804262
    1    1    1    5   -1.361747   -1.361747
    2    2    2    6    4.093069    4.093069
    3    3    4    8    9.518498    9.317698
    4    4    5    9   10.826952    9.673838
    5    5    3    7   11.929458    8.607190
    6    6    6   10   14.203687   10.637027
    7    7    7   11   19.092655   14.903355
    8    8    8   12   22.382617   15.099901
    9    9    9   13   25.264799   18.804262
    1    1    1    5   -1.361747   -1.361747
    2    2    2    6    4.093069    4.093069
    3    3    4    8    9.518498    9.317698
    4    4    5    9   10.826952    9.673838
    5    5    3    7   11.929458    8.607190
    6    6    6   10   14.203687   10.637027
    7    7    7   11   19.092655   14.903355
    8    8    8   12   22.382617   15.099901
    9    9    9   13   25.264799   18.804262
    1    1    1    5   -1.361747   -1.361747
    2    2    2    6    4.093069    4.093069
    3    3    4    8    9.518498    9.317698
    4    4    5    9   10.826952    9.673838
    5    5    3    7   11.929458    8.607190
    6    6    6   10   14.203687   10.637027
    7    7    7   11   19.092655   14.903355
    8    8    8   12   22.382617   15.099901
    9    9    9   13   25.264799   18.804262
    1    1    1    5   -1.361747   -1.361747
    2    2    2    6    4.093069    4.093069
    3    3    4    8    9.518498    9.317698
    4    4    5    9   10.826952    9.673838
    5    5    3    7   11.929458    8.607190
    6    6    6   10   14.203687   10.637027
    7    7    7   11   19.092655   14.903355
    8    8    8   12   22.382617   15.099901
    9    9    9   13   25.264799   18.804262
    1    1    1    5   -1.361747   -1.361747
    2    2    2    6    4.093069    4.093069
    3    3    4    8    9.518498    9.317698
    4    4    5    9   10.826952    9.673838
    5    5    3    7   11.929458    8.607190
    6    6    6   10   14.203687   10.637027
    7    7    7   11   19.092655   14.903355
    8    8    8   12   22.382617   15.099901
    9    9    9   13   25.264799   18.804262
    1    1    1    5   -1.361747   -1.361747
    2    2    2    6    4.093069    4.093069
    3    3    4    8    9.518498    9.317698
    4    4    5    9   10.826952    9.673838
    5    5    3    7   11.929458    8.607190
    6    6    6   10   14.203687   10.637027
    7    7    7   11   19.092655   14.903355
    8    8    8   12   22.382617   15.099901
    9    9    9   13   25.264799   18.804262
    1    1    1    5   -1.361747   -1.361747
    2    2    2    6    4.093069    4.093069
    3    3    4    8    9.518498    9.317698
    4    4    5    9   10.826952    9.673838
    5    5    3    7   11.929458    8.607190
    6    6    6   10   14.203687   10.637027
    7    7    7   11   19.092655   14.903355
    8    8    8   12   22.382617   15.099901
    9    9    9   13   25.264799   18.804262
    1    1    1    5    0.756454    0.756454
    2    2    2    6    1.155939    1.155939
    3    3    4    8    9.039869    9.033127
    4    4    5    9   10.403398    9.273745
    5    5    3    7   11.316934    8.138112
    6    6    6   10   13.742351   10.242330
    7    7    7   11   20.874485   16.094982
    8    8    8   12   24.140252   17.361651
    9    9   11   15   37.260906   37.260906
    1    1    1    5    0.756454    0.756454
    2    2    2    6    1.155939    1.155939
    3    3    4    8    9.039869    9.033127
    4    4    5    9   10.403398    9.273745
    5    5    3    7   11.316934    8.138112
    6    6    6   10   13.742351   10.242330
    7    7    7   11   20.874485   16.094982
    8    8    8   12   24.140252   17.361651
    9    9   11   15   37.260906   37.260906
    1    1    1    5    0.756454    0.756454
    2    2    2    6    1.155939    1.155939
    3    3    4    8    9.039869    9.033127
    4    4    5    9   10.403398    9.273745
    5    5    3    7   11.316934    8.138112
    6    6    6   10   13.742351   10.242330
    7    7    7   11   20.874485   16.094982
    8    8    8   12   24.140252   17.361651
    9    9   11   15   37.260906   37.260906
    1    1    1    5    0.756454    0.756454
    2    2    2    6    1.155939    1.155939
    3    3    4    8    9.039869    9.033127
    4    4    5    9   10.403398    9.273745
    5    5    3    7   11.316934    8.138112
    6    6    6   10   13.742351   10.242330
    7    7    7   11   20.874485   16.094982
    8    8    8   12   24.140252   17.361651
    9    9   11   15   37.260906   37.260906
    1    1    1    5    0.756454    0.756454
    2    2    2    6    1.155939    1.155939
    3    3    4    8    9.039869    9.033127
    4    4    5    9   10.403398    9.273745
    5    5    3    7   11.316934    8.138112
    6    6    6   10   13.742351   10.242330
    7    7    7   11   20.874485   16.094982
    8    8    8   12   24.140252   17.361651
    9    9   11   15   37.260906   37.260906
    1    1    1    5   -1.831871   -1.831871
    2    2    2    6    5.978851    5.978851
    3    3    3    7    6.625502    6.625502
    4    4    4    8   10.114910    9.129875
    5    5    5    9   15.596705   11.356624
    6    6    6   10   15.816011   12.170305
    7    7    7   11   18.838942   14.393508
    8    8    8   12   20.559082   14.626112
    9    9   10   14   25.489576   17.366174
    1    1    1    5   -1.831871   -1.831871
    2    2    2    6    5.978851    5.978851
    3    3    3    7    6.625502    6.625502
    4    4    4    8   10.114910    9.129875
    5    5    5    9   15.596705   11.356624
    6    6    6   10   15.816011   12.170305
    7    7    7   11   18.838942   14.393508
    8    8    8   12   20.559082   14.626112
    9    9   10   14   25.489576   17.366174
    1    1    1    5   -1.831871   -1.831871
    2    2    2    6    5.978851    5.978851
    3    3    3    7    6.625502    6.625502
    4    4    4    8   10.114910    9.129875
    5    5    5    9   15.596705   11.356624
    6    6    6   10   15.816011   12.170305
    7    7    7   11   18.838942   14.393508
    8    8    8   12   20.559082   14.626112
    9    9   10   14   25.489576   17.366174
    1    1    1    5   -1.831871   -1.831871
    2    2    2    6    5.978851    5.978851
    3    3    3    7    6.625502    6.625502
    4    4    4    8   10.114910    9.129875
    5    5    5    9   15.596705   11.356624
    6    6    6   10   15.816011   12.170305
    7    7    7   11   18.838942   14.393508
    8    8    8   12   20.559082   14.626112
    9    9   10   14   25.489576   17.366174
    1    1    1    5   -1.831871   -1.831871
    2    2    2    6    5.978851    5.978851
    3    3    3    7    6.625502    6.625502
    4    4    4    8   10.114910    9.129875
    5    5    5    9   15.596705   11.356624
    6    6    6   10   15.816011   12.170305
    7    7    7   11   18.838942   14.393508
    8    8    8   12   20.559082   14.626112
    9    9   10   14   25.489576   17.366174
    1    1    1    5   -1.831871   -1.831871
    2    2    2    6    5.978851    5.978851
    3    3    3    7    6.625502    6.625502
    4    4    4    8   10.114910    9.129875
    5    5    5    9   15.596705   11.356624
    6    6    6   10   15.816011   12.170305
    7    7    7   11   18.838942   14.393508
    8    8    8   12   20.559082   14.626112
    9    9   10   14   25.489576   17.366174
    1    1    1    5   -1.831871   -1.831871
    2    2    2    6    5.978851    5.978851
    3    3    3    7    6.625502    6.625502
    4    4    4    8   10.114910    9.129875
    5    5    5    9   15.596705   11.356624
    6    6    6   10   15.816011   12.170305
    7    7    7   11   18.838942   14.393508
    8    8    8   12   20.559082   14.626112
    9    9   10   14   25.489576   17.366174
    1    1    1    5   -1.831871   -1.831871
    2    2    2    6    5.978851    5.978851
    3    3    3    7    6.625502    6.625502
    4    4    4    8   10.114910    9.129875
    5    5    5    9   15.596705   11.356624
    6    6    6   10   15.816011   12.170305
    7    7    7   11   18.838942   14.393508
    8    8    8   12   20.559082   14.626112
    9    9   10   14   25.489576   17.366174
    1    1    1    5   -1.831871   -1.831871
    2    2    2    6    5.978851    5.978851
    3    3    3    7    6.625502    6.625502
    4    4    4    8   10.114910    9.129875
    5    5    5    9   15.596705   11.356624
    6    6    6   10   15.816011   12.170305
    7    7    7   11   18.838942   14.393508
    8    8    8   12   20.559082   14.626112
    9    9   10   14   25.489576   17.366174
    1    1    1    5   -1.831871   -1.831871
    2    2    2    6    5.978851    5.978851
    3    3    3    7    6.625502    6.625502
    4    4    4    8   10.114910    9.129875
    5    5    5    9   15.596705   11.356624
    6    6    6   10   15.816011   12.170305
    7    7    7   11   18.838942   14.393508
    8    8    8   12   20.559082   14.626112
    9    9   10   14   25.489576   17.366174
    1    1    1    5   -1.831871   -1.831871
    2    2    2    6    5.978851    5.978851
    3    3    3    7    6.625502    6.625502
    4    4    4    8   10.114910    9.129875
    5    5    5    9   15.596705   11.356624
    6    6    6   10   15.816011   12.170305
    7    7    7   11   18.838942   14.393508
    8    8    8   12   20.559082   14.626112
    9    9   10   14   25.489576   17.366174
    1    1    1    5   -1.831871   -1.831871
    2    2    2    6    5.978851    5.978851
    3    3    3    7    6.625502    6.625502
    4    4    4    8   10.114910    9.129875
    5    5    5    9   15.596705   11.356624
    6    6    6   10   15.816011   12.170305
    7    7    7   11   18.838942   14.393508
    8    8    8   12   20.559082   14.626112
    9    9   10   14   25.489576   17.366174
    1    1    1    5   -1.831871   -1.831871
    2    2    2    6    5.978851    5.978851
    3    3    3    7    6.625502    6.625502
    4    4    4    8   10.114910    9.129875
    5    5    5    9   15.596705   11.356624
    6    6    6   10   15.816011   12.170305
    7    7    7   11   18.838942   14.393508
    8    8    8   12   20.559082   14.626112
    9    9   10   14   25.489576   17.366174
    1    1    1    5   -1.831871   -1.831871
    2    2    2    6    5.978851    5.978851
    3    3    3    7    6.625502    6.625502
    4    4    4    8   10.114910    9.129875
    5    5    5    9   15.596705   11.356624
    6    6    6   10   15.816011   12.170305
    7    7    7   11   18.838942   14.393508
    8    8    8   12   20.559082   14.626112
    9    9   10   14   25.489576   17.366174
    1    1    1    5   -1.831871   -1.831871
    2    2    2    6    5.978851    5.978851
    3    3    3    7    6.625502    6.625502
    4    4    4    8   10.114910    9.129875
    5    5    5    9   15.596705   11.356624
    6    6    6   10   15.816011   12.170305
    7    7    7   11   18.838942   14.393508
    8    8    8   12   20.559082   14.626112
    9    9   10   14   25.489576   17.366174
    1    1    1    5   -1.831871   -1.831871
    2    2    2    6    5.978851    5.978851
    3    3    3    7    6.625502    6.625502
    4    4    4    8   10.114910    9.129875
    5    5    5    9   15.596705   11.356624
    6    6    6   10   15.816011   12.170305
    7    7    7   11   18.838942   14.393508
    8    8    8   12   20.559082   14.626112
    9    9   10   14   25.489576   17.366174
    1    1    1    5   -1.831871   -1.831871
    2    2    2    6    5.978851    5.978851
    3    3    3    7    6.625502    6.625502
    4    4    4    8   10.114910    9.129875
    5    5    5    9   15.596705   11.356624
    6    6    6   10   15.816011   12.170305
    7    7    7   11   18.838942   14.393508
    8    8    8   12   20.559082   14.626112
    9    9   10   14   25.489576   17.366174
    1    1    1    5   -1.831871   -1.831871
    2    2    2    6    5.978851    5.978851
    3    3    3    7    6.625502    6.625502
    4    4    4    8   10.114910    9.129875
    5    5    5    9   15.596705   11.356624
    6    6    6   10   15.816011   12.170305
    7    7    7   11   18.838942   14.393508
    8    8    8   12   20.559082   14.626112
    9    9   10   14   25.489576   17.366174
    1    1    1    5   -1.831871   -1.831871
    2    2    2    6    5.978851    5.978851
    3    3    3    7    6.625502    6.625502
    4    4    4    8   10.114910    9.129875
    5    5    5    9   15.596705   11.356624
    6    6    6   10   15.816011   12.170305
    7    7    7   11   18.838942   14.393508
    8    8    8   12   20.559082   14.626112
    9    9   10   14   25.489576   17.366174
    1    1    1    5   -1.831871   -1.831871
    2    2    2    6    5.978851    5.978851
    3    3    3    7    6.625502    6.625502
    4    4    4    8   10.114910    9.129875
    5    5    5    9   15.596705   11.356624
    6    6    6   10   15.816011   12.170305
    7    7    7   11   18.838942   14.393508
    8    8    8   12   20.559082   14.626112
    9    9   10   14   25.489576   17.366174
    1    1    1    5   -1.831871   -1.831871
    2    2    2    6    5.978851    5.978851
    3    3    3    7    6.625502    6.625502
    4    4    4    8   10.114910    9.129875
    5    5    5    9   15.596705   11.356624
    6    6    6   10   15.816011   12.170305
    7    7    7   11   18.838942   14.393508
    8    8    8   12   20.559082   14.626112
    9    9   10   14   25.489576   17.366174
    1    1    1    5   -1.831871   -1.831871
    2    2    2    6    5.978851    5.978851
    3    3    3    7    6.625502    6.625502
    4    4    4    8   10.114910    9.129875
    5    5    5    9   15.596705   11.356624
    6    6    6   10   15.816011   12.170305
    7    7    7   11   18.838942   14.393508
    8    8    8   12   20.559082   14.626112
    9    9   10   14   25.489576   17.366174
    1    1    1    5   -1.831871   -1.831871
    2    2    2    6    5.978851    5.978851
    3    3    3    7    6.625502    6.625502
    4    4    4    8   10.114910    9.129875
    5    5    5    9   15.596705   11.356624
    6    6    6   10   15.816011   12.170305
    7    7    7   11   18.838942   14.393508
    8    8    8   12   20.559082   14.626112
    9    9   10   14   25.489576   17.366174
    1    1    1    5    0.021458    0.021458
    2    2    2    6    2.755613    2.755613
    3    3    3    7    5.486669    5.486669
    4    4    4    8    9.298287    8.287798
    5    5    5    9   14.787413   10.871935
    6    6    6   10   16.767130   13.152611
    7    7    7   11   19.105808   14.067195
    8    8    8   12   23.557592   16.372018
    9    9   13   17   30.673990   38.582529
    1    1    1    5    0.021458    0.021458
    2    2    2    6    2.755613    2.755613
    3    3    3    7    5.486669    5.486669
    4    4    4    8    9.298287    8.287798
    5    5    5    9   14.787413   10.871935
    6    6    6   10   16.767130   13.152611
    7    7    7   11   19.105808   14.067195
    8    8    8   12   23.557592   16.372018
    9    9   13   17   30.673990   38.582529
    1    1    1    5    0.021458    0.021458
    2    2    2    6    2.755613    2.755613
    3    3    3    7    5.486669    5.486669
    4    4    4    8    9.298287    8.287798
    5    5    5    9   14.787413   10.871935
    6    6    6   10   16.767130   13.152611
    7    7    7   11   19.105808   14.067195
    8    8    8   12   23.557592   16.372018
    9    9   13   17   30.673990   38.582529
    1    1    1    5    0.021458    0.021458
    2    2    2    6    2.755613    2.755613
    3    3    3    7    5.486669    5.486669
    4    4    4    8    9.298287    8.287798
    5    5    5    9   14.787413   10.871935
    6    6    6   10   16.767130   13.152611
    7    7    7   11   19.105808   14.067195
    8    8    8   12   23.557592   16.372018
    9    9   13   17   30.673990   38.582529
    1    1    1    5    0.021458    0.021458
    2    2    2    6    2.755613    2.755613
    3    3    3    7    5.486669    5.486669
    4    4    4    8    9.298287    8.287798
    5    5    5    9   14.787413   10.871935
    6    6    6   10   16.767130   13.152611
    7    7    7   11   19.105808   14.067195
    8    8    8   12   23.557592   16.372018
    9    9   13   17   30.673990   38.582529
    1    1    1    5    0.021458    0.021458
    2    2    2    6    2.755613    2.755613
    3    3    3    7    5.486669    5.486669
    4    4    4    8    9.298287    8.287798
    5    5    5    9   14.787413   10.871935
    6    6    6   10   16.767130   13.152611
    7    7    7   11   19.105808   14.067195
    8    8    8   12   23.557592   16.372018
    9    9   13   17   30.673990   38.582529
    1    1    1    5    0.021458    0.021458
    2    2    2    6    2.755613    2.755613
    3    3    3    7    5.486669    5.486669
    4    4    4    8    9.298287    8.287798
    5    5    5    9   14.787413   10.871935
    6    6    6   10   16.767130   13.152611
    7    7    7   11   19.105808   14.067195
    8    8    8   12   23.557592   16.372018
    9    9   13   17   30.673990   38.582529
    1    1    1    5    0.021458    0.021458
    2    2    2    6    2.755613    2.755613
    3    3    3    7    5.486669    5.486669
    4    4    4    8    9.298287    8.287798
    5    5    5    9   14.787413   10.871935
    6    6    6   10   16.767130   13.152611
    7    7    7   11   19.105808   14.067195
    8    8    8   12   23.557592   16.372018
    9    9   13   17   30.673990   38.582529
    1    1    1    5    0.021458    0.021458
    2    2    2    6    2.755613    2.755613
    3    3    3    7    5.486669    5.486669
    4    4    4    8    9.298287    8.287798
    5    5    5    9   14.787413   10.871935
    6    6    6   10   16.767130   13.152611
    7    7    7   11   19.105808   14.067195
    8    8    8   12   23.557592   16.372018
    9    9   13   17   30.673990   38.582529
    1    1    1    5    0.021458    0.021458
    2    2    2    6    2.755613    2.755613
    3    3    3    7    5.486669    5.486669
    4    4    4    8    9.298287    8.287798
    5    5    5    9   14.787413   10.871935
    6    6    6   10   16.767130   13.152611
    7    7    7   11   19.105808   14.067195
    8    8    8   12   23.557592   16.372018
    9    9   13   17   30.673990   38.582529
    1    1    1    5    0.021458    0.021458
    2    2    2    6    2.755613    2.755613
    3    3    3    7    5.486669    5.486669
    4    4    4    8    9.298287    8.287798
    5    5    5    9   14.787413   10.871935
    6    6    6   10   16.767130   13.152611
    7    7    7   11   19.105808   14.067195
    8    8    8   12   23.557592   16.372018
    9    9   13   17   30.673990   38.582529
    1    1    1    5    0.021458    0.021458
    2    2    2    6    2.755613    2.755613
    3    3    3    7    5.486669    5.486669
    4    4    4    8    9.298287    8.287798
    5    5    5    9   14.787413   10.871935
    6    6    6   10   16.767130   13.152611
    7    7    7   11   19.105808   14.067195
    8    8    8   12   23.557592   16.372018
    9    9   13   17   30.673990   38.582529
    1    1    1    5    0.021458    0.021458
    2    2    2    6    2.755613    2.755613
    3    3    3    7    5.486669    5.486669
    4    4    4    8    9.298287    8.287798
    5    5    5    9   14.787413   10.871935
    6    6    6   10   16.767130   13.152611
    7    7    7   11   19.105808   14.067195
    8    8    8   12   23.557592   16.372018
    9    9   13   17   30.673990   38.582529
    1    1    1    5    0.021458    0.021458
    2    2    2    6    2.755613    2.755613
    3    3    3    7    5.486669    5.486669
    4    4    4    8    9.298287    8.287798
    5    5    5    9   14.787413   10.871935
    6    6    6   10   16.767130   13.152611
    7    7    7   11   19.105808   14.067195
    8    8    8   12   23.557592   16.372018
    9    9   13   17   30.673990   38.582529
    1    1    1    5    0.021458    0.021458
    2    2    2    6    2.755613    2.755613
    3    3    3    7    5.486669    5.486669
    4    4    4    8    9.298287    8.287798
    5    5    5    9   14.787413   10.871935
    6    6    6   10   16.767130   13.152611
    7    7    7   11   19.105808   14.067195
    8    8    8   12   23.557592   16.372018
    9    9   13   17   30.673990   38.582529
    1    1    1    5    0.021458    0.021458
    2    2    2    6    2.755613    2.755613
    3    3    3    7    5.486669    5.486669
    4    4    4    8    9.298287    8.287798
    5    5    5    9   14.787413   10.871935
    6    6    6   10   16.767130   13.152611
    7    7    7   11   19.105808   14.067195
    8    8    8   12   23.557592   16.372018
    9    9   13   17   30.673990   38.582529
    1    1    1    5    0.021458    0.021458
    2    2    2    6    2.755613    2.755613
    3    3    3    7    5.486669    5.486669
    4    4    4    8    9.298287    8.287798
    5    5    5    9   14.787413   10.871935
    6    6    6   10   16.767130   13.152611
    7    7    7   11   19.105808   14.067195
    8    8    8   12   23.557592   16.372018
    9    9   13   17   30.673990   38.582529
    1    1    1    5    0.021458    0.021458
    2    2    2    6    2.755613    2.755613
    3    3    3    7    5.486669    5.486669
    4    4    4    8    9.298287    8.287798
    5    5    5    9   14.787413   10.871935
    6    6    6   10   16.767130   13.152611
    7    7    7   11   19.105808   14.067195
    8    8    8   12   23.557592   16.372018
    9    9   13   17   30.673990   38.582529
    1    1    1    5    0.021458    0.021458
    2    2    2    6    2.755613    2.755613
    3    3    3    7    5.486669    5.486669
    4    4    4    8    9.298287    8.287798
    5    5    5    9   14.787413   10.871935
    6    6    6   10   16.767130   13.152611
    7    7    7   11   19.105808   14.067195
    8    8    8   12   23.557592   16.372018
    9    9   13   17   30.673990   38.582529
    1    1    1    5    0.021458    0.021458
    2    2    2    6    2.755613    2.755613
    3    3    3    7    5.486669    5.486669
    4    4    4    8    9.298287    8.287798
    5    5    5    9   14.787413   10.871935
    6    6    6   10   16.767130   13.152611
    7    7    7   11   19.105808   14.067195
    8    8    8   12   23.557592   16.372018
    9    9   13   17   30.673990   38.582529
    1    1    1    5    0.021458    0.021458
    2    2    2    6    2.755613    2.755613
    3    3    3    7    5.486669    5.486669
    4    4    4    8    9.298287    8.287798
    5    5    5    9   14.787413   10.871935
    6    6    6   10   16.767130   13.152611
    7    7    7   11   19.105808   14.067195
    8    8    8   12   23.557592   16.372018
    9    9   13   17   30.673990   38.582529
    1    1    1    5    0.021458    0.021458
    2    2    2    6    2.755613    2.755613
    3    3    3    7    5.486669    5.486669
    4    4    4    8    9.298287    8.287798
    5    5    5    9   14.787413   10.871935
    6    6    6   10   16.767130   13.152611
    7    7    7   11   19.105808   14.067195
    8    8    8   12   23.557592   16.372018
    9    9   13   17   30.673990   38.582529
    1    1    1    5    0.021458    0.021458
    2    2    2    6    2.755613    2.755613
    3    3    3    7    5.486669    5.486669
    4    4    4    8    9.298287    8.287798
    5    5    5    9   14.787413   10.871935
    6    6    6   10   16.767130   13.152611
    7    7    7   11   19.105808   14.067195
    8    8    8   12   23.557592   16.372018
    9    9   13   17   30.673990   38.582529
    1    1    1    5    0.021458    0.021458
    2    2    2    6    2.755613    2.755613
    3    3    3    7    5.486669    5.486669
    4    4    4    8    9.298287    8.287798
    5    5    5    9   14.787413   10.871935
    6    6    6   10   16.767130   13.152611
    7    7    7   11   19.105808   14.067195
    8    8    8   12   23.557592   16.372018
    9    9   13   17   30.673990   38.582529
    1    1    1    5    0.021458    0.021458
    2    2    2    6    2.755613    2.755613
    3    3    3    7    5.486669    5.486669
    4    4    4    8    9.298287    8.287798
    5    5    5    9   14.787413   10.871935
    6    6    6   10   16.767130   13.152611
    7    7    7   11   19.105808   14.067195
    8    8    8   12   23.557592   16.372018
    9    9   13   17   30.673990   38.582529
    1    1    1    5    0.021458    0.021458
    2    2    2    6    2.755613    2.755613
    3    3    3    7    5.486669    5.486669
    4    4    4    8    9.298287    8.287798
    5    5    5    9   14.787413   10.871935
    6    6    6   10   16.767130   13.152611
    7    7    7   11   19.105808   14.067195
    8    8    8   12   23.557592   16.372018
    9    9   13   17   30.673990   38.582529
    1    1    1    5    0.021458    0.021458
    2    2    2    6    2.755613    2.755613
    3    3    3    7    5.486669    5.486669
    4    4    4    8    9.298287    8.287798
    5    5    5    9   14.787413   10.871935
    6    6    6   10   16.767130   13.152611
    7    7    7   11   19.105808   14.067195
    8    8    8   12   23.557592   16.372018
    9    9   13   17   30.673990   38.582529
    1    1    1    5    0.021458    0.021458
    2    2    2    6    2.755613    2.755613
    3    3    3    7    5.486669    5.486669
    4    4    4    8    9.298287    8.287798
    5    5    5    9   14.787413   10.871935
    6    6    6   10   16.767130   13.152611
    7    7    7   11   19.105808   14.067195
    8    8    8   12   23.557592   16.372018
    9    9   13   17   30.673990   38.582529
    1    1    1    5    0.021458    0.021458
    2    2    2    6    2.755613    2.755613
    3    3    3    7    5.486669    5.486669
    4    4    4    8    9.298287    8.287798
    5    5    5    9   14.787413   10.871935
    6    6    6   10   16.767130   13.152611
    7    7    7   11   19.105808   14.067195
    8    8    8   12   23.557592   16.372018
    9    9   13   17   30.673990   38.582529
    1    1    1    5    0.021458    0.021458
    2    2    2    6    2.755613    2.755613
    3    3    3    7    5.486669    5.486669
    4    4    4    8    9.298287    8.287798
    5    5    5    9   14.787413   10.871935
    6    6    6   10   16.767130   13.152611
    7    7    7   11   19.105808   14.067195
    8    8    8   12   23.557592   16.372018
    9    9   13   17   30.673990   38.582529
    1    1    1    5    0.021458    0.021458
    2    2    2    6    2.755613    2.755613
    3    3    3    7    5.486669    5.486669
    4    4    4    8    9.298287    8.287798
    5    5    5    9   14.787413   10.871935
    6    6    6   10   16.767130   13.152611
    7    7    7   11   19.105808   14.067195
    8    8    8   12   23.557592   16.372018
    9    9   13   17   30.673990   38.582529
    1    1    1    5    0.021458    0.021458
    2    2    2    6    2.755613    2.755613
    3    3    3    7    5.486669    5.486669
    4    4    4    8    9.298287    8.287798
    5    5    5    9   14.787413   10.871935
    6    6    6   10   16.767130   13.152611
    7    7    7   11   19.105808   14.067195
    8    8    8   12   23.557592   16.372018
    9    9   13   17   30.673990   38.582529
    1    1    1    5    0.021458    0.021458
    2    2    2    6    2.755613    2.755613
    3    3    3    7    5.486669    5.486669
    4    4    4    8    9.298287    8.287798
    5    5    5    9   14.787413   10.871935
    6    6    6   10   16.767130   13.152611
    7    7    7   11   19.105808   14.067195
    8    8    8   12   23.557592   16.372018
    9    9   13   17   30.673990   38.582529
    1    1    1    5    0.021458    0.021458
    2    2    2    6    2.755613    2.755613
    3    3    3    7    5.486669    5.486669
    4    4    4    8    9.298287    8.287798
    5    5    5    9   14.787413   10.871935
    6    6    6   10   16.767130   13.152611
    7    7    7   11   19.105808   14.067195
    8    8    8   12   23.557592   16.372018
    9    9   13   17   30.673990   38.582529
    1    1    1    5    0.021458    0.021458
    2    2    2    6    2.755613    2.755613
    3    3    3    7    5.486669    5.486669
    4    4    4    8    9.298287    8.287798
    5    5    5    9   14.787413   10.871935
    6    6    6   10   16.767130   13.152611
    7    7    7   11   19.105808   14.067195
    8    8    8   12   23.557592   16.372018
    9    9   13   17   30.673990   38.582529
    1    1    1    5    0.021458    0.021458
    2    2    2    6    2.755613    2.755613
    3    3    3    7    5.486669    5.486669
    4    4    4    8    9.298287    8.287798
    5    5    5    9   14.787413   10.871935
    6    6    6   10   16.767130   13.152611
    7    7    7   11   19.105808   14.067195
    8    8    8   12   23.557592   16.372018
    9    9   13   17   30.673990   38.582529
    1    1    1    5    0.021458    0.021458
    2    2    2    6    2.755613    2.755613
    3    3    3    7    5.486669    5.486669
    4    4    4    8    9.298287    8.287798
    5    5    5    9   14.787413   10.871935
    6    6    6   10   16.767130   13.152611
    7    7    7   11   19.105808   14.067195
    8    8    8   12   23.557592   16.372018
    9    9   13   17   30.673990   38.582529
    1    1    1    5    0.021458    0.021458
    2    2    2    6    2.755613    2.755613
    3    3    3    7    5.486669    5.486669
    4    4    4    8    9.298287    8.287798
    5    5    5    9   14.787413   10.871935
    6    6    6   10   16.767130   13.152611
    7    7    7   11   19.105808   14.067195
    8    8    8   12   23.557592   16.372018
    9    9   13   17   30.673990   38.582529
    1    1    1    5    0.021458    0.021458
    2    2    2    6    2.755613    2.755613
    3    3    3    7    5.486669    5.486669
    4    4    4    8    9.298287    8.287798
    5    5    5    9   14.787413   10.871935
    6    6    6   10   16.767130   13.152611
    7    7    7   11   19.105808   14.067195
    8    8    8   12   23.557592   16.372018
    9    9   13   17   30.673990   38.582529
    1    1    1    5    0.021458    0.021458
    2    2    2    6    2.755613    2.755613
    3    3    3    7    5.486669    5.486669
    4    4    4    8    9.298287    8.287798
    5    5    5    9   14.787413   10.871935
    6    6    6   10   16.767130   13.152611
    7    7    7   11   19.105808   14.067195
    8    8    8   12   23.557592   16.372018
    9    9   13   17   30.673990   38.582529
    1    1    1    5    0.021458    0.021458
    2    2    2    6    2.755613    2.755613
    3    3    3    7    5.486669    5.486669
    4    4    4    8    9.298287    8.287798
    5    5    5    9   14.787413   10.871935
    6    6    6   10   16.767130   13.152611
    7    7    7   11   19.105808   14.067195
    8    8    8   12   23.557592   16.372018
    9    9   13   17   30.673990   38.582529
    1    1    1    5    0.021458    0.021458
    2    2    2    6    2.755613    2.755613
    3    3    3    7    5.486669    5.486669
    4    4    4    8    9.298287    8.287798
    5    5    5    9   14.787413   10.871935
    6    6    6   10   16.767130   13.152611
    7    7    7   11   19.105808   14.067195
    8    8    8   12   23.557592   16.372018
    9    9   13   17   30.673990   38.582529
    1    1    1    5    0.021458    0.021458
    2    2    2    6    2.755613    2.755613
    3    3    3    7    5.486669    5.486669
    4    4    4    8    9.298287    8.287798
    5    5    5    9   14.787413   10.871935
    6    6    6   10   16.767130   13.152611
    7    7    7   11   19.105808   14.067195
    8    8    8   12   23.557592   16.372018
    9    9   13   17   30.673990   38.582529
    1    1    1    5    0.021458    0.021458
    2    2    2    6    2.755613    2.755613
    3    3    3    7    5.486669    5.486669
    4    4    4    8    9.298287    8.287798
    5    5    5    9   14.787413   10.871935
    6    6    6   10   16.767130   13.152611
    7    7    7   11   19.105808   14.067195
    8    8    8   12   23.557592   16.372018
    9    9   13   17   30.673990   38.582529
    1    1    1    5    0.021458    0.021458
    2    2    2    6    2.755613    2.755613
    3    3    3    7    5.486669    5.486669
    4    4    4    8    9.298287    8.287798
    5    5    5    9   14.787413   10.871935
    6    6    6   10   16.767130   13.152611
    7    7    7   11   19.105808   14.067195
    8    8    8   12   23.557592   16.372018
    9    9   13   17   30.673990   38.582529
    1    1    1    5    0.021458    0.021458
    2    2    2    6    2.755613    2.755613
    3    3    3    7    5.486669    5.486669
    4    4    4    8    9.298287    8.287798
    5    5    5    9   14.787413   10.871935
    6    6    6   10   16.767130   13.152611
    7    7    7   11   19.105808   14.067195
    8    8    8   12   23.557592   16.372018
    9    9   13   17   30.673990   38.582529
    1    1    1    5    0.021458    0.021458
    2    2    2    6    2.755613    2.755613
    3    3    3    7    5.486669    5.486669
    4    4    4    8    9.298287    8.287798
    5    5    5    9   14.787413   10.871935
    6    6    6   10   16.767130   13.152611
    7    7    7   11   19.105808   14.067195
    8    8    8   12   23.557592   16.372018
    9    9   13   17   30.673990   38.582529
    1    1    1    5    2.043301    2.043301
    2    2    2    6    2.043301    2.043301
    3    3    3    7    2.915091    2.915091
    4    4    4    8    8.937213    7.871450
    5    5    5    9   18.033171   12.722311
    6    6    6   10   18.033171   12.722311
    7    7    7   11   18.433147   13.858704
    8    8   13   17   29.770128   40.473880
    9    9   14   18   29.770128   40.473880
    1    1    1    5    2.043301    2.043301
    2    2    2    6    2.043301    2.043301
    3    3    3    7    2.915091    2.915091
    4    4    4    8    8.937213    7.871450
    5    5    5    9   18.033171   12.722311
    6    6    6   10   18.033171   12.722311
    7    7    7   11   18.433147   13.858704
    8    8   13   17   29.770128   40.473880
    9    9   14   18   29.770128   40.473880
    1    1    1    5    2.043301    2.043301
    2    2    2    6    2.043301    2.043301
    3    3    3    7    2.915091    2.915091
    4    4    4    8    8.937213    7.871450
    5    5    6   10   18.033171   12.722311
    6    6    5    9   18.033171   12.722311
    7    7    7   11   18.433147   13.858704
    8    8   13   17   29.770128   40.473880
    9    9   14   18   29.770128   40.473880
    1    1    1    5    2.043301    2.043301
    2    2    2    6    2.043301    2.043301
    3    3    3    7    2.915091    2.915091
    4    4    4    8    8.937213    7.871450
    5    5    5    9   18.033171   12.722311
    6    6    6   10   18.033171   12.722311
    7    7    7   11   18.433147   13.858704
    8    8   13   17   29.770128   40.473880
    9    9   14   18   29.770128   40.473880
    1    1    1    5    2.043301    2.043301
    2    2    2    6    2.043301    2.043301
    3    3    3    7    2.915091    2.915091
    4    4    4    8    8.937213    7.871450
    5    5    6   10   18.033171   12.722311
    6    6    5    9   18.033171   12.722311
    7    7    7   11   18.433147   13.858704
    8    8   13   17   29.770128   40.473880
    9    9   14   18   29.770128   40.473880
    1    1    1    5    2.043301    2.043301
    2    2    2    6    2.043301    2.043301
    3    3    3    7    2.915091    2.915091
    4    4    4    8    8.937213    7.871450
    5    5    5    9   18.033171   12.722311
    6    6    6   10   18.033171   12.722311
    7    7    7   11   18.433147   13.858704
    8    8   13   17   29.770128   40.473880
    9    9   14   18   29.770128   40.473880
    1    1    1    5    2.043301    2.043301
    2    2    2    6    2.043301    2.043301
    3    3    3    7    2.915091    2.915091
    4    4    4    8    8.937213    7.871450
    5    5    5    9   18.033171   12.722311
    6    6    6   10   18.033171   12.722311
    7    7    7   11   18.433147   13.858704
    8    8   13   17   29.770128   40.473880
    9    9   14   18   29.770128   40.473880
    1    1    1    5   -0.436053   -0.436053
    2    2    2    6    4.645202    4.645202
    3    3    3    7    4.645202    4.645202
    4    4    4    8    5.968509    5.968509
    5    5    7   11   18.711537   15.452803
    6    6    8   12   18.711537   15.452803
    7    7    5    9   20.763037   14.913921
    8    8    6   10   20.763037   14.913921
    9    9   14   18   28.956781   39.926508
    1    1    1    5   -0.436053   -0.436053
    2    2    2    6    4.645202    4.645202
    3    3    3    7    4.645202    4.645202
    4    4    4    8    5.968509    5.968509
    5    5    8   12   18.711537   15.452803
    6    6    7   11   18.711537   15.452803
    7    7    5    9   20.763037   14.913921
    8    8    6   10   20.763037   14.913921
    9    9   14   18   28.956781   39.926508
    1    1    1    5   -0.436053   -0.436053
    2    2    2    6    4.645202    4.645202
    3    3    3    7    4.645202    4.645202
    4    4    4    8    5.968509    5.968509
    5    5    5    9   18.711537   14.913921
    6    6    6   10   18.711537   14.913921
    7    7    7   11   20.763037   15.452803
    8    8    8   12   20.763037   15.452803
    9    9   14   18   28.956781   39.926508
    1    1    1    5   -0.436053   -0.436053
    2    2    2    6    4.645202    4.645202
    3    3    3    7    4.645202    4.645202
    4    4    4    8    5.968509    5.968509
    5    5    6   10   18.711537   14.913921
    6    6    5    9   18.711537   14.913921
    7    7    7   11   20.763037   15.452803
    8    8    8   12   20.763037   15.452803
    9    9   14   18   28.956781   39.926508
    1    1    1    5   -0.436053   -0.436053
    2    2    2    6    4.645202    4.645202
    3    3    3    7    4.645202    4.645202
    4    4    4    8    5.968509    5.968509
    5    5    7   11   18.711537   15.452803
    6    6    8   12   18.711537   15.452803
    7    7    5    9   20.763037   14.913921
    8    8    6   10   20.763037   14.913921
    9    9   14   18   28.956781   39.926508
    1    1    1    5   -0.436053   -0.436053
    2    2    2    6    4.645202    4.645202
    3    3    3    7    4.645202    4.645202
    4    4    4    8    5.968509    5.968509
    5    5    6   10   18.711537   14.913921
    6    6    5    9   18.711537   14.913921
    7    7    7   11   20.763037   15.452803
    8    8    8   12   20.763037   15.452803
    9    9   14   18   28.956781   39.926508
    1    1    1    5   -0.436053   -0.436053
    2    2    2    6    4.645202    4.645202
    3    3    3    7    4.645202    4.645202
    4    4    4    8    5.968509    5.968509
    5    5    6   10   18.711537   14.913921
    6    6    5    9   18.711537   14.913921
    7    7    7   11   20.763037   15.452803
    8    8    8   12   20.763037   15.452803
    9    9   14   18   28.956781   39.926508
    1    1    1    5    1.609218    1.609218
    2    2    2    6    2.032187    2.032187
    3    3    3    7    4.208571    4.208571
    4    4    4    8    5.197110    5.197110
    5    5    6   10   19.079303   15.166972
    6    6    7   11   20.016290   16.750129
    7    7    5    9   21.128649   15.011714
    8    8    8   12   25.212568   17.885918
    9    9   11   15   29.209537   20.594888
    1    1    1    5    1.609218    1.609218
    2    2    2    6    2.032187    2.032187
    3    3    3    7    4.208571    4.208571
    4    4    4    8    5.197110    5.197110
    5    5    6   10   19.079303   15.166972
    6    6    7   11   20.016290   16.750129
    7    7    5    9   21.128649   15.011714
    8    8    8   12   25.212568   17.885918
    9    9   11   15   29.209537   20.594888
    1    1    1    5    1.609218    1.609218
    2    2    2    6    2.032187    2.032187
    3    3    3    7    4.208571    4.208571
    4    4    4    8    5.197110    5.197110
    5    5    6   10   19.079303   15.166972
    6    6    7   11   20.016290   16.750129
    7    7    5    9   21.128649   15.011714
    8    8    8   12   25.212568   17.885918
    9    9   11   15   29.209537   20.594888
    1    1    1    5    1.609218    1.609218
    2    2    2    6    2.032187    2.032187
    3    3    3    7    4.208571    4.208571
    4    4    4    8    5.197110    5.197110
    5    5    6   10   19.079303   15.166972
    6    6    7   11   20.016290   16.750129
    7    7    5    9   21.128649   15.011714
    8    8    8   12   25.212568   17.885918
    9    9   11   15   29.209537   20.594888
    1    1    1    5    1.609218    1.609218
    2    2    2    6    2.032187    2.032187
    3    3    3    7    4.208571    4.208571
    4    4    4    8    5.197110    5.197110
    5    5    6   10   19.079303   15.166972
    6    6    7   11   20.016290   16.750129
    7    7    5    9   21.128649   15.011714
    8    8    8   12   25.212568   17.885918
    9    9   11   15   29.209537   20.594888
    1    1    1    5    1.609218    1.609218
    2    2    2    6    2.032187    2.032187
    3    3    3    7    4.208571    4.208571
    4    4    4    8    5.197110    5.197110
    5    5    6   10   19.079303   15.166972
    6    6    7   11   20.016290   16.750129
    7    7    5    9   21.128649   15.011714
    8    8    8   12   25.212568   17.885918
    9    9   11   15   29.209537   20.594888
    1    1    1    5    1.609218    1.609218
    2    2    2    6    2.032187    2.032187
    3    3    3    7    4.208571    4.208571
    4    4    4    8    5.197110    5.197110
    5    5    6   10   19.079303   15.166972
    6    6    7   11   20.016290   16.750129
    7    7    5    9   21.128649   15.011714
    8    8    8   12   25.212568   17.885918
    9    9   11   15   29.209537   20.594888
    1    1    1    5    1.609218    1.609218
    2    2    2    6    2.032187    2.032187
    3    3    3    7    4.208571    4.208571
    4    4    4    8    5.197110    5.197110
    5    5    6   10   19.079303   15.166972
    6    6    7   11   20.016290   16.750129
    7    7    5    9   21.128649   15.011714
    8    8    8   12   25.212568   17.885918
    9    9   11   15   29.209537   20.594888
    1    1    1    5    1.609218    1.609218
    2    2    2    6    2.032187    2.032187
    3    3    3    7    4.208571    4.208571
    4    4    4    8    5.197110    5.197110
    5    5    6   10   19.079303   15.166972
    6    6    7   11   20.016290   16.750129
    7    7    5    9   21.128649   15.011714
    8    8    8   12   25.212568   17.885918
    9    9   11   15   29.209537   20.594888
    1    1    1    5    1.609218    1.609218
    2    2    2    6    2.032187    2.032187
    3    3    3    7    4.208571    4.208571
    4    4    4    8    5.197110    5.197110
    5    5    6   10   19.079303   15.166972
    6    6    7   11   20.016290   16.750129
    7    7    5    9   21.128649   15.011714
    8    8    8   12   25.212568   17.885918
    9    9   11   15   29.209537   20.594888
    1    1    1    5    1.609218    1.609218
    2    2    2    6    2.032187    2.032187
    3    3    3    7    4.208571    4.208571
    4    4    4    8    5.197110    5.197110
    5    5    6   10   19.079303   15.166972
    6    6    7   11   20.016290   16.750129
    7    7    5    9   21.128649   15.011714
    8    8    8   12   25.212568   17.885918
    9    9   11   15   29.209537   20.594888
    1    1    1    5   -2.306985   -2.306985
    2    2    3    7    8.614592    8.106158
    3    3    2    6    8.614592    8.106158
    4    4    5    9   10.447154   10.004156
    5    5    4    8   11.518947    8.293534
    6    6    6   10   18.265633   12.460987
    7    7    9   13   18.388967   14.946319
    8    8    7   11   19.664177   14.253501
    9    9    8   12   19.664177   14.253501
    1    1    1    5   -2.306985   -2.306985
    2    2    2    6    8.614592    8.106158
    3    3    3    7    8.614592    8.106158
    4    4    5    9   10.447154   10.004156
    5    5    4    8   11.518947    8.293534
    6    6    6   10   18.265633   12.460987
    7    7    9   13   18.388967   14.946319
    8    8    7   11   19.664177   14.253501
    9    9    8   12   19.664177   14.253501
    1    1    1    5   -2.306985   -2.306985
    2    2    2    6    8.614592    8.106158
    3    3    3    7    8.614592    8.106158
    4    4    5    9   10.447154   10.004156
    5    5    4    8   11.518947    8.293534
    6    6    6   10   18.265633   12.460987
    7    7    9   13   18.388967   14.946319
    8    8    7   11   19.664177   14.253501
    9    9    8   12   19.664177   14.253501
    1    1    1    5   -2.306985   -2.306985
    2    2    2    6    8.614592    8.106158
    3    3    3    7    8.614592    8.106158
    4    4    5    9   10.447154   10.004156
    5    5    4    8   11.518947    8.293534
    6    6    6   10   18.265633   12.460987
    7    7    9   13   18.388967   14.946319
    8    8    7   11   19.664177   14.253501
    9    9    8   12   19.664177   14.253501
    1    1    1    5   -2.306985   -2.306985
    2    2    2    6    8.614592    8.106158
    3    3    3    7    8.614592    8.106158
    4    4    5    9   10.447154   10.004156
    5    5    4    8   11.518947    8.293534
    6    6    6   10   18.265633   12.460987
    7    7    9   13   18.388967   14.946319
    8    8    7   11   19.664177   14.253501
    9    9    8   12   19.664177   14.253501
    1    1    1    5   -0.895141   -0.895141
    2    2    2    6    4.512387    4.512387
    3    3    3    7    6.859815    6.859815
    4    4    4    8    9.153060    7.723882
    5    5    5    9   11.983696   10.204403
    6    6    6   10   17.778718   11.918734
    7    7    7   11   18.131712   13.314367
    8    8    8   12   23.426560   15.517420
    9    9    9   13   28.031898   17.291139
    1    1    1    5   -0.895141   -0.895141
    2    2    2    6    4.512387    4.512387
    3    3    3    7    6.859815    6.859815
    4    4    4    8    9.153060    7.723882
    5    5    5    9   11.983696   10.204403
    6    6    6   10   17.778718   11.918734
    7    7    7   11   18.131712   13.314367
    8    8    8   12   23.426560   15.517420
    9    9    9   13   28.031898   17.291139
    1    1    1    5   -0.895141   -0.895141
    2    2    2    6    4.512387    4.512387
    3    3    3    7    6.859815    6.859815
    4    4    4    8    9.153060    7.723882
    5    5    5    9   11.983696   10.204403
    6    6    6   10   17.778718   11.918734
    7    7    7   11   18.131712   13.314367
    8    8    8   12   23.426560   15.517420
    9    9    9   13   28.031898   17.291139
    1    1    1    5   -0.895141   -0.895141
    2    2    2    6    4.512387    4.512387
    3    3    3    7    6.859815    6.859815
    4    4    4    8    9.153060    7.723882
    5    5    5    9   11.983696   10.204403
    6    6    6   10   17.778718   11.918734
    7    7    7   11   18.131712   13.314367
    8    8    8   12   23.426560   15.517420
    9    9    9   13   28.031898   17.291139
    1    1    1    5   -0.895141   -0.895141
    2    2    2    6    4.512387    4.512387
    3    3    3    7    6.859815    6.859815
    4    4    4    8    9.153060    7.723882
    5    5    5    9   11.983696   10.204403
    6    6    6   10   17.778718   11.918734
    7    7    7   11   18.131712   13.314367
    8    8    8   12   23.426560   15.517420
    9    9    9   13   28.031898   17.291139
    1    1    1    5   -0.895141   -0.895141
    2    2    2    6    4.512387    4.512387
    3    3    3    7    6.859815    6.859815
    4    4    4    8    9.153060    7.723882
    5    5    5    9   11.983696   10.204403
    6    6    6   10   17.778718   11.918734
    7    7    7   11   18.131712   13.314367
    8    8    8   12   23.426560   15.517420
    9    9    9   13   28.031898   17.291139
    1    1    1    5   -0.895141   -0.895141
    2    2    2    6    4.512387    4.512387
    3    3    3    7    6.859815    6.859815
    4    4    4    8    9.153060    7.723882
    5    5    5    9   11.983696   10.204403
    6    6    6   10   17.778718   11.918734
    7    7    7   11   18.131712   13.314367
    8    8    8   12   23.426560   15.517420
    9    9    9   13   28.031898   17.291139
    1    1    1    5   -0.895141   -0.895141
    2    2    2    6    4.512387    4.512387
    3    3    3    7    6.859815    6.859815
    4    4    4    8    9.153060    7.723882
    5    5    5    9   11.983696   10.204403
    6    6    6   10   17.778718   11.918734
    7    7    7   11   18.131712   13.314367
    8    8    8   12   23.426560   15.517420
    9    9    9   13   28.031898   17.291139
    1    1    1    5   -0.895141   -0.895141
    2    2    2    6    4.512387    4.512387
    3    3    3    7    6.859815    6.859815
    4    4    4    8    9.153060    7.723882
    5    5    5    9   11.983696   10.204403
    6    6    6   10   17.778718   11.918734
    7    7    7   11   18.131712   13.314367
    8    8    8   12   23.426560   15.517420
    9    9    9   13   28.031898   17.291139
    1    1    1    5   -0.895141   -0.895141
    2    2    2    6    4.512387    4.512387
    3    3    3    7    6.859815    6.859815
    4    4    4    8    9.153060    7.723882
    5    5    5    9   11.983696   10.204403
    6    6    6   10   17.778718   11.918734
    7    7    7   11   18.131712   13.314367
    8    8    8   12   23.426560   15.517420
    9    9    9   13   28.031898   17.291139
    1    1    1    5   -0.895141   -0.895141
    2    2    2    6    4.512387    4.512387
    3    3    3    7    6.859815    6.859815
    4    4    4    8    9.153060    7.723882
    5    5    5    9   11.983696   10.204403
    6    6    6   10   17.778718   11.918734
    7    7    7   11   18.131712   13.314367
    8    8    8   12   23.426560   15.517420
    9    9    9   13   28.031898   17.291139
    1    1    1    5   -0.895141   -0.895141
    2    2    2    6    4.512387    4.512387
    3    3    3    7    6.859815    6.859815
    4    4    4    8    9.153060    7.723882
    5    5    5    9   11.983696   10.204403
    6    6    6   10   17.778718   11.918734
    7    7    7   11   18.131712   13.314367
    8    8    8   12   23.426560   15.517420
    9    9    9   13   28.031898   17.291139
    1    1    1    5   -0.895141   -0.895141
    2    2    2    6    4.512387    4.512387
    3    3    3    7    6.859815    6.859815
    4    4    4    8    9.153060    7.723882
    5    5    5    9   11.983696   10.204403
    6    6    6   10   17.778718   11.918734
    7    7    7   11   18.131712   13.314367
    8    8    8   12   23.426560   15.517420
    9    9    9   13   28.031898   17.291139
    1    1    1    5   -0.895141   -0.895141
    2    2    2    6    4.512387    4.512387
    3    3    3    7    6.859815    6.859815
    4    4    4    8    9.153060    7.723882
    5    5    5    9   11.983696   10.204403
    6    6    6   10   17.778718   11.918734
    7    7    7   11   18.131712   13.314367
    8    8    8   12   23.426560   15.517420
    9    9    9   13   28.031898   17.291139
    1    1    1    5   -0.895141   -0.895141
    2    2    2    6    4.512387    4.512387
    3    3    3    7    6.859815    6.859815
    4    4    4    8    9.153060    7.723882
    5    5    5    9   11.983696   10.204403
    6    6    6   10   17.778718   11.918734
    7    7    7   11   18.131712   13.314367
    8    8    8   12   23.426560   15.517420
    9    9    9   13   28.031898   17.291139
    1    1    1    5   -0.895141   -0.895141
    2    2    2    6    4.512387    4.512387
    3    3    3    7    6.859815    6.859815
    4    4    4    8    9.153060    7.723882
    5    5    5    9   11.983696   10.204403
    6    6    6   10   17.778718   11.918734
    7    7    7   11   18.131712   13.314367
    8    8    8   12   23.426560   15.517420
    9    9    9   13   28.031898   17.291139
    1    1    1    5   -0.895141   -0.895141
    2    2    2    6    4.512387    4.512387
    3    3    3    7    6.859815    6.859815
    4    4    4    8    9.153060    7.723882
    5    5    5    9   11.983696   10.204403
    6    6    6   10   17.778718   11.918734
    7    7    7   11   18.131712   13.314367
    8    8    8   12   23.426560   15.517420
    9    9    9   13   28.031898   17.291139
    1    1    1    5   -0.895141   -0.895141
    2    2    2    6    4.512387    4.512387
    3    3    3    7    6.859815    6.859815
    4    4    4    8    9.153060    7.723882
    5    5    5    9   11.983696   10.204403
    6    6    6   10   17.778718   11.918734
    7    7    7   11   18.131712   13.314367
    8    8    8   12   23.426560   15.517420
    9    9    9   13   28.031898   17.291139
    1    1    1    5   -0.895141   -0.895141
    2    2    2    6    4.512387    4.512387
    3    3    3    7    6.859815    6.859815
    4    4    4    8    9.153060    7.723882
    5    5    5    9   11.983696   10.204403
    6    6    6   10   17.778718   11.918734
    7    7    7   11   18.131712   13.314367
    8    8    8   12   23.426560   15.517420
    9    9    9   13   28.031898   17.291139
    1    1    1    5   -0.895141   -0.895141
    2    2    2    6    4.512387    4.512387
    3    3    3    7    6.859815    6.859815
    4    4    4    8    9.153060    7.723882
    5    5    5    9   11.983696   10.204403
    6    6    6   10   17.778718   11.918734
    7    7    7   11   18.131712   13.314367
    8    8    8   12   23.426560   15.517420
    9    9    9   13   28.031898   17.291139
    1    1    1    5   -0.895141   -0.895141
    2    2    2    6    4.512387    4.512387
    3    3    3    7    6.859815    6.859815
    4    4    4    8    9.153060    7.723882
    5    5    5    9   11.983696   10.204403
    6    6    6   10   17.778718   11.918734
    7    7    7   11   18.131712   13.314367
    8    8    8   12   23.426560   15.517420
    9    9    9   13   28.031898   17.291139
    1    1    1    5   -0.895141   -0.895141
    2    2    2    6    4.512387    4.512387
    3    3    3    7    6.859815    6.859815
    4    4    4    8    9.153060    7.723882
    5    5    5    9   11.983696   10.204403
    6    6    6   10   17.778718   11.918734
    7    7    7   11   18.131712   13.314367
    8    8    8   12   23.426560   15.517420
    9    9    9   13   28.031898   17.291139
    1    1    1    5   -0.895141   -0.895141
    2    2    2    6    4.512387    4.512387
    3    3    3    7    6.859815    6.859815
    4    4    4    8    9.153060    7.723882
    5    5    5    9   11.983696   10.204403
    6    6    6   10   17.778718   11.918734
    7    7    7   11   18.131712   13.314367
    8    8    8   12   23.426560   15.517420
    9    9    9   13   28.031898   17.291139
    1    1    1    5    1.185710    1.185710
    2    2    2    6    1.632195    1.632195
    3    3    3    7    6.455914    6.455914
    4    4    4    8    8.568852    7.321820
    5    5    7   11   13.418989   12.151334
    6    6    5    9   17.031202   11.590661
    7    7    6   10   17.126812   11.827185
    8    8    8   12   26.724649   14.109858
    9    9    9   13   37.260906   37.260906
    1    1    1    5    1.185710    1.185710
    2    2    2    6    1.632195    1.632195
    3    3    3    7    6.455914    6.455914
    4    4    4    8    8.568852    7.321820
    5    5    7   11   13.418989   12.151334
    6    6    5    9   17.031202   11.590661
    7    7    6   10   17.126812   11.827185
    8    8    8   12   26.724649   14.109858
    9    9    9   13   37.260906   37.260906
    1    1    1    5    1.185710    1.185710
    2    2    2    6    1.632195    1.632195
    3    3    3    7    6.455914    6.455914
    4    4    4    8    8.568852    7.321820
    5    5    7   11   13.418989   12.151334
    6    6    5    9   17.031202   11.590661
    7    7    6   10   17.126812   11.827185
    8    8    8   12   26.724649   14.109858
    9    9    9   13   37.260906   37.260906
    1    1    1    5    1.185710    1.185710
    2    2    2    6    1.632195    1.632195
    3    3    3    7    6.455914    6.455914
    4    4    4    8    8.568852    7.321820
    5    5    7   11   13.418989   12.151334
    6    6    5    9   17.031202   11.590661
    7    7    6   10   17.126812   11.827185
    8    8    8   12   26.724649   14.109858
    9    9    9   13   37.260906   37.260906
    1    1    1    5    1.185710    1.185710
    2    2    2    6    1.632195    1.632195
    3    3    3    7    6.455914    6.455914
    4    4    4    8    8.568852    7.321820
    5    5    7   11   13.418989   12.151334
    6    6    5    9   17.031202   11.590661
    7    7    6   10   17.126812   11.827185
    8    8    8   12   26.724649   14.109858
    9    9    9   13   37.260906   37.260906
    1    1    1    5    1.185710    1.185710
    2    2    2    6    1.632195    1.632195
    3    3    3    7    6.455914    6.455914
    4    4    4    8    8.568852    7.321820
    5    5    7   11   13.418989   12.151334
    6    6    5    9   17.031202   11.590661
    7    7    6   10   17.126812   11.827185
    8    8    8   12   26.724649   14.109858
    9    9    9   13   37.260906   37.260906
    1    1    1    5    1.185710    1.185710
    2    2    2    6    1.632195    1.632195
    3    3    3    7    6.455914    6.455914
    4    4    4    8    8.568852    7.321820
    5    5    7   11   13.418989   12.151334
    6    6    5    9   17.031202   11.590661
    7    7    6   10   17.126812   11.827185
    8    8    8   12   26.724649   14.109858
    9    9    9   13   37.260906   37.260906
    1    1    1    5    1.185710    1.185710
    2    2    2    6    1.632195    1.632195
    3    3    3    7    6.455914    6.455914
    4    4    4    8    8.568852    7.321820
    5    5    7   11   13.418989   12.151334
    6    6    5    9   17.031202   11.590661
    7    7    6   10   17.126812   11.827185
    8    8    8   12   26.724649   14.109858
    9    9    9   13   37.260906   37.260906
    1    1    1    5    1.185710    1.185710
    2    2    2    6    1.632195    1.632195
    3    3    3    7    6.455914    6.455914
    4    4    4    8    8.568852    7.321820
    5    5    7   11   13.418989   12.151334
    6    6    5    9   17.031202   11.590661
    7    7    6   10   17.126812   11.827185
    8    8    8   12   26.724649   14.109858
    9    9    9   13   37.260906   37.260906
    1    1    1    5    1.185710    1.185710
    2    2    2    6    1.632195    1.632195
    3    3    3    7    6.455914    6.455914
    4    4    4    8    8.568852    7.321820
    5    5    7   11   13.418989   12.151334
    6    6    5    9   17.031202   11.590661
    7    7    6   10   17.126812   11.827185
    8    8    8   12   26.724649   14.109858
    9    9    9   13   37.260906   37.260906
    1    1    1    5    1.185710    1.185710
    2    2    2    6    1.632195    1.632195
    3    3    3    7    6.455914    6.455914
    4    4    4    8    8.568852    7.321820
    5    5    7   11   13.418989   12.151334
    6    6    5    9   17.031202   11.590661
    7    7    6   10   17.126812   11.827185
    8    8    8   12   26.724649   14.109858
    9    9    9   13   37.260906   37.260906
    1    1    1    5    0.924004    0.924004
    2    2    2    6    3.351188    3.351188
    3    3    3    7    4.072091    4.072091
    4    4    5    9   10.568973    9.574300
    5    5    4    8   11.032538    8.671388
    6    6    6   10   14.796765   11.502753
    7    7    7   11   19.315822   12.295886
    8    8    8   12   27.436873   16.920724
    9    9   10   14   33.050229   38.239499
    1    1    1    5    0.924004    0.924004
    2    2    2    6    3.351188    3.351188
    3    3    3    7    4.072091    4.072091
    4    4    5    9   10.568973    9.574300
    5    5    4    8   11.032538    8.671388
    6    6    6   10   14.796765   11.502753
    7    7    7   11   19.315822   12.295886
    8    8    8   12   27.436873   16.920724
    9    9   10   14   33.050229   38.239499
    1    1    1    5    0.924004    0.924004
    2    2    2    6    3.351188    3.351188
    3    3    3    7    4.072091    4.072091
    4    4    5    9   10.568973    9.574300
    5    5    4    8   11.032538    8.671388
    6    6    6   10   14.796765   11.502753
    7    7    7   11   19.315822   12.295886
    8    8    8   12   27.436873   16.920724
    9    9   10   14   33.050229   38.239499
    1    1    1    5    0.924004    0.924004
    2    2    2    6    3.351188    3.351188
    3    3    3    7    4.072091    4.072091
    4    4    5    9   10.568973    9.574300
    5    5    4    8   11.032538    8.671388
    6    6    6   10   14.796765   11.502753
    7    7    7   11   19.315822   12.295886
    8    8    8   12   27.436873   16.920724
    9    9   10   14   33.050229   38.239499
    1    1    1    5    0.924004    0.924004
    2    2    2    6    3.351188    3.351188
    3    3    3    7    4.072091    4.072091
    4    4    5    9   10.568973    9.574300
    5    5    4    8   11.032538    8.671388
    6    6    6   10   14.796765   11.502753
    7    7    7   11   19.315822   12.295886
    8    8    8   12   27.436873   16.920724
    9    9   10   14   33.050229   38.239499
    1    1    1    5    0.924004    0.924004
    2    2    2    6    3.351188    3.351188
    3    3    3    7    4.072091    4.072091
    4    4    5    9   10.568973    9.574300
    5    5    4    8   11.032538    8.671388
    6    6    6   10   14.796765   11.502753
    7    7    7   11   19.315822   12.295886
    8    8    8   12   27.436873   16.920724
    9    9   10   14   33.050229   38.239499
    1    1    1    5    0.924004    0.924004
    2    2    2    6    3.351188    3.351188
    3    3    3    7    4.072091    4.072091
    4    4    5    9   10.568973    9.574300
    5    5    4    8   11.032538    8.671388
    6    6    6   10   14.796765   11.502753
    7    7    7   11   19.315822   12.295886
    8    8    8   12   27.436873   16.920724
    9    9   10   14   33.050229   38.239499
    1    1    1    5    0.924004    0.924004
    2    2    2    6    3.351188    3.351188
    3    3    3    7    4.072091    4.072091
    4    4    5    9   10.568973    9.574300
    5    5    4    8   11.032538    8.671388
    6    6    6   10   14.796765   11.502753
    7    7    7   11   19.315822   12.295886
    8    8    8   12   27.436873   16.920724
    9    9   10   14   33.050229   38.239499
    1    1    1    5    0.924004    0.924004
    2    2    2    6    3.351188    3.351188
    3    3    3    7    4.072091    4.072091
    4    4    5    9   10.568973    9.574300
    5    5    4    8   11.032538    8.671388
    6    6    6   10   14.796765   11.502753
    7    7    7   11   19.315822   12.295886
    8    8    8   12   27.436873   16.920724
    9    9   10   14   33.050229   38.239499
    1    1    1    5    0.924004    0.924004
    2    2    2    6    3.351188    3.351188
    3    3    3    7    4.072091    4.072091
    4    4    5    9   10.568973    9.574300
    5    5    4    8   11.032538    8.671388
    6    6    6   10   14.796765   11.502753
    7    7    7   11   19.315822   12.295886
    8    8    8   12   27.436873   16.920724
    9    9   10   14   33.050229   38.239499
    1    1    1    5    0.924004    0.924004
    2    2    2    6    3.351188    3.351188
    3    3    3    7    4.072091    4.072091
    4    4    5    9   10.568973    9.574300
    5    5    4    8   11.032538    8.671388
    6    6    6   10   14.796765   11.502753
    7    7    7   11   19.315822   12.295886
    8    8    8   12   27.436873   16.920724
    9    9   10   14   33.050229   38.239499
    1    1    1    5    0.924004    0.924004
    2    2    2    6    3.351188    3.351188
    3    3    3    7    4.072091    4.072091
    4    4    5    9   10.568973    9.574300
    5    5    4    8   11.032538    8.671388
    6    6    6   10   14.796765   11.502753
    7    7    7   11   19.315822   12.295886
    8    8    8   12   27.436873   16.920724
    9    9   10   14   33.050229   38.239499
    1    1    1    5    0.924004    0.924004
    2    2    2    6    3.351188    3.351188
    3    3    3    7    4.072091    4.072091
    4    4    5    9   10.568973    9.574300
    5    5    4    8   11.032538    8.671388
    6    6    6   10   14.796765   11.502753
    7    7    7   11   19.315822   12.295886
    8    8    8   12   27.436873   16.920724
    9    9   10   14   33.050229   38.239499
    1    1    1    5    0.924004    0.924004
    2    2    2    6    3.351188    3.351188
    3    3    3    7    4.072091    4.072091
    4    4    5    9   10.568973    9.574300
    5    5    4    8   11.032538    8.671388
    6    6    6   10   14.796765   11.502753
    7    7    7   11   19.315822   12.295886
    8    8    8   12   27.436873   16.920724
    9    9   10   14   33.050229   38.239499
    1    1    1    5    0.924004    0.924004
    2    2    2    6    3.351188    3.351188
    3    3    3    7    4.072091    4.072091
    4    4    5    9   10.568973    9.574300
    5    5    4    8   11.032538    8.671388
    6    6    6   10   14.796765   11.502753
    7    7    7   11   19.315822   12.295886
    8    8    8   12   27.436873   16.920724
    9    9   10   14   33.050229   38.239499
    1    1    1    5    0.924004    0.924004
    2    2    2    6    3.351188    3.351188
    3    3    3    7    4.072091    4.072091
    4    4    5    9   10.568973    9.574300
    5    5    4    8   11.032538    8.671388
    6    6    6   10   14.796765   11.502753
    7    7    7   11   19.315822   12.295886
    8    8    8   12   27.436873   16.920724
    9    9   10   14   33.050229   38.239499
    1    1    1    5    0.924004    0.924004
    2    2    2    6    3.351188    3.351188
    3    3    3    7    4.072091    4.072091
    4    4    5    9   10.568973    9.574300
    5    5    4    8   11.032538    8.671388
    6    6    6   10   14.796765   11.502753
    7    7    7   11   19.315822   12.295886
    8    8    8   12   27.436873   16.920724
    9    9   10   14   33.050229   38.239499
    1    1    1    5    0.924004    0.924004
    2    2    2    6    3.351188    3.351188
    3    3    3    7    4.072091    4.072091
    4    4    5    9   10.568973    9.574300
    5    5    4    8   11.032538    8.671388
    6    6    6   10   14.796765   11.502753
    7    7    7   11   19.315822   12.295886
    8    8    8   12   27.436873   16.920724
    9    9   10   14   33.050229   38.239499
    1    1    1    5    0.924004    0.924004
    2    2    2    6    3.351188    3.351188
    3    3    3    7    4.072091    4.072091
    4    4    5    9   10.568973    9.574300
    5    5    4    8   11.032538    8.671388
    6    6    6   10   14.796765   11.502753
    7    7    7   11   19.315822   12.295886
    8    8    8   12   27.436873   16.920724
    9    9   10   14   33.050229   38.239499
    1    1    1    5    0.924004    0.924004
    2    2    2    6    3.351188    3.351188
    3    3    3    7    4.072091    4.072091
    4    4    5    9   10.568973    9.574300
    5    5    4    8   11.032538    8.671388
    6    6    6   10   14.796765   11.502753
    7    7    7   11   19.315822   12.295886
    8    8    8   12   27.436873   16.920724
    9    9   10   14   33.050229   38.239499
    1    1    1    5    0.924004    0.924004
    2    2    2    6    3.351188    3.351188
    3    3    3    7    4.072091    4.072091
    4    4    5    9   10.568973    9.574300
    5    5    4    8   11.032538    8.671388
    6    6    6   10   14.796765   11.502753
    7    7    7   11   19.315822   12.295886
    8    8    8   12   27.436873   16.920724
    9    9   10   14   33.050229   38.239499
    1    1    1    5    0.924004    0.924004
    2    2    2    6    3.351188    3.351188
    3    3    3    7    4.072091    4.072091
    4    4    5    9   10.568973    9.574300
    5    5    4    8   11.032538    8.671388
    6    6    6   10   14.796765   11.502753
    7    7    7   11   19.315822   12.295886
    8    8    8   12   27.436873   16.920724
    9    9   10   14   33.050229   38.239499
    1    1    1    5    0.924004    0.924004
    2    2    2    6    3.351188    3.351188
    3    3    3    7    4.072091    4.072091
    4    4    5    9   10.568973    9.574300
    5    5    4    8   11.032538    8.671388
    6    6    6   10   14.796765   11.502753
    7    7    7   11   19.315822   12.295886
    8    8    8   12   27.436873   16.920724
    9    9   10   14   33.050229   38.239499
    1    1    1    5    0.480242    0.480242
    2    2    2    6    5.464771    5.464771
    3    3    3    7    5.641803    5.641803
    4    4    4    8    5.641803    5.641803
    5    5    5    9    7.956365    7.269067
    6    6    6   10   14.028249   11.539951
    7    7    7   11   24.815961   15.177153
    8    8    9   13   26.603924   16.497768
    9    9    8   12   26.603924   16.497768
    1    1    1    5    0.480242    0.480242
    2    2    2    6    5.464771    5.464771
    3    3    4    8    5.641803    5.641803
    4    4    3    7    5.641803    5.641803
    5    5    5    9    7.956365    7.269067
    6    6    6   10   14.028249   11.539951
    7    7    7   11   24.815961   15.177153
    8    8    9   13   26.603924   16.497768
    9    9    8   12   26.603924   16.497768
    1    1    1    5    0.480242    0.480242
    2    2    2    6    5.464771    5.464771
    3    3    3    7    5.641803    5.641803
    4    4    4    8    5.641803    5.641803
    5    5    5    9    7.956365    7.269067
    6    6    6   10   14.028249   11.539951
    7    7    7   11   24.815961   15.177153
    8    8    9   13   26.603924   16.497768
    9    9    8   12   26.603924   16.497768
    1    1    1    5    0.480242    0.480242
    2    2    2    6    5.464771    5.464771
    3    3    3    7    5.641803    5.641803
    4    4    4    8    5.641803    5.641803
    5    5    5    9    7.956365    7.269067
    6    6    6   10   14.028249   11.539951
    7    7    7   11   24.815961   15.177153
    8    8    9   13   26.603924   16.497768
    9    9    8   12   26.603924   16.497768
    1    1    1    5    0.480242    0.480242
    2    2    2    6    5.464771    5.464771
    3    3    3    7    5.641803    5.641803
    4    4    4    8    5.641803    5.641803
    5    5    5    9    7.956365    7.269067
    6    6    6   10   14.028249   11.539951
    7    7    7   11   24.815961   15.177153
    8    8    9   13   26.603924   16.497768
    9    9    8   12   26.603924   16.497768
    1    1    1    5    2.479113    2.479113
    2    2    2    6    2.960420    2.960420
    3    3    3    7    5.218481    5.218481
    4    4    4    8    5.774965    5.774965
    5    5    5    9    9.284325    7.764907
    6    6    6   10    9.668501    9.279461
    7    7    7   11   24.533515   15.209461
    8    8    8   12   26.654230   16.847194
    9    9    9   13   29.395787   19.633025
    1    1    1    5    2.479113    2.479113
    2    2    2    6    2.960420    2.960420
    3    3    3    7    5.218481    5.218481
    4    4    4    8    5.774965    5.774965
    5    5    5    9    9.284325    7.764907
    6    6    6   10    9.668501    9.279461
    7    7    7   11   24.533515   15.209461
    8    8    8   12   26.654230   16.847194
    9    9    9   13   29.395787   19.633025
    1    1    1    5    2.479113    2.479113
    2    2    2    6    2.960420    2.960420
    3    3    3    7    5.218481    5.218481
    4    4    4    8    5.774965    5.774965
    5    5    5    9    9.284325    7.764907
    6    6    6   10    9.668501    9.279461
    7    7    7   11   24.533515   15.209461
    8    8    8   12   26.654230   16.847194
    9    9    9   13   29.395787   19.633025
    1    1    1    5    2.479113    2.479113
    2    2    2    6    2.960420    2.960420
    3    3    3    7    5.218481    5.218481
    4    4    4    8    5.774965    5.774965
    5    5    5    9    9.284325    7.764907
    6    6    6   10    9.668501    9.279461
    7    7    7   11   24.533515   15.209461
    8    8    8   12   26.654230   16.847194
    9    9    9   13   29.395787   19.633025
    1    1    1    5    2.479113    2.479113
    2    2    2    6    2.960420    2.960420
    3    3    3    7    5.218481    5.218481
    4    4    4    8    5.774965    5.774965
    5    5    5    9    9.284325    7.764907
    6    6    6   10    9.668501    9.279461
    7    7    7   11   24.533515   15.209461
    8    8    8   12   26.654230   16.847194
    9    9    9   13   29.395787   19.633025
    1    1    1    5    2.479113    2.479113
    2    2    2    6    2.960420    2.960420
    3    3    3    7    5.218481    5.218481
    4    4    4    8    5.774965    5.774965
    5    5    5    9    9.284325    7.764907
    6    6    6   10    9.668501    9.279461
    7    7    7   11   24.533515   15.209461
    8    8    8   12   26.654230   16.847194
    9    9    9   13   29.395787   19.633025
    1    1    1    5    2.479113    2.479113
    2    2    2    6    2.960420    2.960420
    3    3    3    7    5.218481    5.218481
    4    4    4    8    5.774965    5.774965
    5    5    5    9    9.284325    7.764907
    6    6    6   10    9.668501    9.279461
    7    7    7   11   24.533515   15.209461
    8    8    8   12   26.654230   16.847194
    9    9    9   13   29.395787   19.633025
    1    1    1    5    2.479113    2.479113
    2    2    2    6    2.960420    2.960420
    3    3    3    7    5.218481    5.218481
    4    4    4    8    5.774965    5.774965
    5    5    5    9    9.284325    7.764907
    6    6    6   10    9.668501    9.279461
    7    7    7   11   24.533515   15.209461
    8    8    8   12   26.654230   16.847194
    9    9    9   13   29.395787   19.633025
    1    1    1    5    2.479113    2.479113
    2    2    2    6    2.960420    2.960420
    3    3    3    7    5.218481    5.218481
    4    4    4    8    5.774965    5.774965
    5    5    5    9    9.284325    7.764907
    6    6    6   10    9.668501    9.279461
    7    7    7   11   24.533515   15.209461
    8    8    8   12   26.654230   16.847194
    9    9    9   13   29.395787   19.633025
    1    1    1    5    2.479113    2.479113
    2    2    2    6    2.960420    2.960420
    3    3    3    7    5.218481    5.218481
    4    4    4    8    5.774965    5.774965
    5    5    5    9    9.284325    7.764907
    6    6    6   10    9.668501    9.279461
    7    7    7   11   24.533515   15.209461
    8    8    8   12   26.654230   16.847194
    9    9    9   13   29.395787   19.633025
    1    1    1    5    2.479113    2.479113
    2    2    2    6    2.960420    2.960420
    3    3    3    7    5.218481    5.218481
    4    4    4    8    5.774965    5.774965
    5    5    5    9    9.284325    7.764907
    6    6    6   10    9.668501    9.279461
    7    7    7   11   24.533515   15.209461
    8    8    8   12   26.654230   16.847194
    9    9    9   13   29.395787   19.633025
